<?xml version="1.0" encoding="UTF-8"?>
<testsuite xmlns:xsi="http://www.w3.org/2001/XMLSchema-instance" xsi:noNamespaceSchemaLocation="https://maven.apache.org/surefire/maven-surefire-plugin/xsd/surefire-test-report.xsd" name="com.org.pd.PDServicesApplicationTests" time="21.567" tests="1" errors="0" skipped="0" failures="0">
  <properties>
    <property name="sun.desktop" value="windows"/>
    <property name="awt.toolkit" value="sun.awt.windows.WToolkit"/>
    <property name="file.encoding.pkg" value="sun.io"/>
    <property name="java.specification.version" value="1.8"/>
    <property name="sun.cpu.isalist" value="amd64"/>
    <property name="sun.jnu.encoding" value="Cp1252"/>
    <property name="java.class.path" value="E:\Environment\EclipseWorkspace\phonedirectory\target\test-classes;E:\Environment\EclipseWorkspace\phonedirectory\target\classes;E:\Environment\repo\org\springframework\boot\spring-boot-starter-actuator\2.0.0.RELEASE\spring-boot-starter-actuator-2.0.0.RELEASE.jar;E:\Environment\repo\org\springframework\boot\spring-boot-starter\2.0.0.RELEASE\spring-boot-starter-2.0.0.RELEASE.jar;E:\Environment\repo\org\springframework\boot\spring-boot-starter-logging\2.0.0.RELEASE\spring-boot-starter-logging-2.0.0.RELEASE.jar;E:\Environment\repo\ch\qos\logback\logback-classic\1.2.3\logback-classic-1.2.3.jar;E:\Environment\repo\ch\qos\logback\logback-core\1.2.3\logback-core-1.2.3.jar;E:\Environment\repo\org\apache\logging\log4j\log4j-to-slf4j\2.10.0\log4j-to-slf4j-2.10.0.jar;E:\Environment\repo\org\apache\logging\log4j\log4j-api\2.10.0\log4j-api-2.10.0.jar;E:\Environment\repo\org\slf4j\jul-to-slf4j\1.7.25\jul-to-slf4j-1.7.25.jar;E:\Environment\repo\javax\annotation\javax.annotation-api\1.3.2\javax.annotation-api-1.3.2.jar;E:\Environment\repo\org\yaml\snakeyaml\1.19\snakeyaml-1.19.jar;E:\Environment\repo\org\springframework\boot\spring-boot-actuator-autoconfigure\2.0.0.RELEASE\spring-boot-actuator-autoconfigure-2.0.0.RELEASE.jar;E:\Environment\repo\org\springframework\boot\spring-boot-actuator\2.0.0.RELEASE\spring-boot-actuator-2.0.0.RELEASE.jar;E:\Environment\repo\org\springframework\spring-context\5.0.4.RELEASE\spring-context-5.0.4.RELEASE.jar;E:\Environment\repo\com\fasterxml\jackson\datatype\jackson-datatype-jsr310\2.9.4\jackson-datatype-jsr310-2.9.4.jar;E:\Environment\repo\io\micrometer\micrometer-core\1.0.1\micrometer-core-1.0.1.jar;E:\Environment\repo\org\hdrhistogram\HdrHistogram\2.1.10\HdrHistogram-2.1.10.jar;E:\Environment\repo\org\latencyutils\LatencyUtils\2.0.3\LatencyUtils-2.0.3.jar;E:\Environment\repo\org\springframework\boot\spring-boot-starter-web\2.0.0.RELEASE\spring-boot-starter-web-2.0.0.RELEASE.jar;E:\Environment\repo\org\springframework\boot\spring-boot-starter-json\2.0.0.RELEASE\spring-boot-starter-json-2.0.0.RELEASE.jar;E:\Environment\repo\com\fasterxml\jackson\datatype\jackson-datatype-jdk8\2.9.4\jackson-datatype-jdk8-2.9.4.jar;E:\Environment\repo\com\fasterxml\jackson\module\jackson-module-parameter-names\2.9.4\jackson-module-parameter-names-2.9.4.jar;E:\Environment\repo\org\springframework\boot\spring-boot-starter-tomcat\2.0.0.RELEASE\spring-boot-starter-tomcat-2.0.0.RELEASE.jar;E:\Environment\repo\org\apache\tomcat\embed\tomcat-embed-websocket\8.5.28\tomcat-embed-websocket-8.5.28.jar;E:\Environment\repo\org\hibernate\validator\hibernate-validator\6.0.7.Final\hibernate-validator-6.0.7.Final.jar;E:\Environment\repo\javax\validation\validation-api\2.0.1.Final\validation-api-2.0.1.Final.jar;E:\Environment\repo\org\jboss\logging\jboss-logging\3.3.2.Final\jboss-logging-3.3.2.Final.jar;E:\Environment\repo\org\springframework\spring-web\5.0.4.RELEASE\spring-web-5.0.4.RELEASE.jar;E:\Environment\repo\org\springframework\spring-webmvc\5.0.4.RELEASE\spring-webmvc-5.0.4.RELEASE.jar;E:\Environment\repo\org\springframework\spring-expression\5.0.4.RELEASE\spring-expression-5.0.4.RELEASE.jar;E:\Environment\repo\org\apache\tomcat\embed\tomcat-embed-jasper\8.5.28\tomcat-embed-jasper-8.5.28.jar;E:\Environment\repo\org\apache\tomcat\embed\tomcat-embed-core\8.5.28\tomcat-embed-core-8.5.28.jar;E:\Environment\repo\org\apache\tomcat\tomcat-annotations-api\8.5.28\tomcat-annotations-api-8.5.28.jar;E:\Environment\repo\org\apache\tomcat\embed\tomcat-embed-el\8.5.28\tomcat-embed-el-8.5.28.jar;E:\Environment\repo\org\eclipse\jdt\ecj\3.12.3\ecj-3.12.3.jar;E:\Environment\repo\org\springframework\boot\spring-boot-starter-security\2.0.0.RELEASE\spring-boot-starter-security-2.0.0.RELEASE.jar;E:\Environment\repo\org\springframework\security\spring-security-config\5.0.3.RELEASE\spring-security-config-5.0.3.RELEASE.jar;E:\Environment\repo\org\springframework\security\spring-security-core\5.0.3.RELEASE\spring-security-core-5.0.3.RELEASE.jar;E:\Environment\repo\org\springframework\security\spring-security-web\5.0.3.RELEASE\spring-security-web-5.0.3.RELEASE.jar;E:\Environment\repo\org\springframework\boot\spring-boot-starter-data-jpa\2.0.0.RELEASE\spring-boot-starter-data-jpa-2.0.0.RELEASE.jar;E:\Environment\repo\org\springframework\boot\spring-boot-starter-aop\2.0.0.RELEASE\spring-boot-starter-aop-2.0.0.RELEASE.jar;E:\Environment\repo\org\springframework\boot\spring-boot-starter-jdbc\2.0.0.RELEASE\spring-boot-starter-jdbc-2.0.0.RELEASE.jar;E:\Environment\repo\com\zaxxer\HikariCP\2.7.8\HikariCP-2.7.8.jar;E:\Environment\repo\org\springframework\spring-jdbc\5.0.4.RELEASE\spring-jdbc-5.0.4.RELEASE.jar;E:\Environment\repo\org\hibernate\hibernate-core\5.2.14.Final\hibernate-core-5.2.14.Final.jar;E:\Environment\repo\org\hibernate\javax\persistence\hibernate-jpa-2.1-api\1.0.0.Final\hibernate-jpa-2.1-api-1.0.0.Final.jar;E:\Environment\repo\org\javassist\javassist\3.22.0-GA\javassist-3.22.0-GA.jar;E:\Environment\repo\antlr\antlr\2.7.7\antlr-2.7.7.jar;E:\Environment\repo\org\jboss\jandex\2.0.3.Final\jandex-2.0.3.Final.jar;E:\Environment\repo\dom4j\dom4j\1.6.1\dom4j-1.6.1.jar;E:\Environment\repo\org\hibernate\common\hibernate-commons-annotations\5.0.1.Final\hibernate-commons-annotations-5.0.1.Final.jar;E:\Environment\repo\javax\transaction\javax.transaction-api\1.2\javax.transaction-api-1.2.jar;E:\Environment\repo\org\springframework\data\spring-data-jpa\2.0.5.RELEASE\spring-data-jpa-2.0.5.RELEASE.jar;E:\Environment\repo\org\springframework\data\spring-data-commons\2.0.5.RELEASE\spring-data-commons-2.0.5.RELEASE.jar;E:\Environment\repo\org\springframework\spring-orm\5.0.4.RELEASE\spring-orm-5.0.4.RELEASE.jar;E:\Environment\repo\org\springframework\spring-tx\5.0.4.RELEASE\spring-tx-5.0.4.RELEASE.jar;E:\Environment\repo\org\springframework\spring-aspects\5.0.4.RELEASE\spring-aspects-5.0.4.RELEASE.jar;E:\Environment\repo\org\springframework\boot\spring-boot-starter-data-rest\2.0.0.RELEASE\spring-boot-starter-data-rest-2.0.0.RELEASE.jar;E:\Environment\repo\org\springframework\data\spring-data-rest-webmvc\3.0.5.RELEASE\spring-data-rest-webmvc-3.0.5.RELEASE.jar;E:\Environment\repo\org\springframework\data\spring-data-rest-core\3.0.5.RELEASE\spring-data-rest-core-3.0.5.RELEASE.jar;E:\Environment\repo\org\springframework\hateoas\spring-hateoas\0.24.0.RELEASE\spring-hateoas-0.24.0.RELEASE.jar;E:\Environment\repo\org\atteo\evo-inflector\1.2.2\evo-inflector-1.2.2.jar;E:\Environment\repo\com\h2database\h2\1.4.196\h2-1.4.196.jar;E:\Environment\repo\com\fasterxml\jackson\dataformat\jackson-dataformat-xml\2.9.4\jackson-dataformat-xml-2.9.4.jar;E:\Environment\repo\com\fasterxml\jackson\core\jackson-core\2.9.4\jackson-core-2.9.4.jar;E:\Environment\repo\com\fasterxml\jackson\core\jackson-annotations\2.9.0\jackson-annotations-2.9.0.jar;E:\Environment\repo\com\fasterxml\jackson\core\jackson-databind\2.9.4\jackson-databind-2.9.4.jar;E:\Environment\repo\com\fasterxml\jackson\module\jackson-module-jaxb-annotations\2.9.4\jackson-module-jaxb-annotations-2.9.4.jar;E:\Environment\repo\org\codehaus\woodstox\stax2-api\3.1.4\stax2-api-3.1.4.jar;E:\Environment\repo\com\fasterxml\woodstox\woodstox-core\5.0.3\woodstox-core-5.0.3.jar;E:\Environment\repo\org\springframework\data\spring-data-rest-hal-browser\3.0.5.RELEASE\spring-data-rest-hal-browser-3.0.5.RELEASE.jar;E:\Environment\repo\org\slf4j\slf4j-api\1.7.25\slf4j-api-1.7.25.jar;E:\Environment\repo\org\springframework\boot\spring-boot-devtools\2.0.0.RELEASE\spring-boot-devtools-2.0.0.RELEASE.jar;E:\Environment\repo\org\springframework\boot\spring-boot\2.0.0.RELEASE\spring-boot-2.0.0.RELEASE.jar;E:\Environment\repo\org\springframework\boot\spring-boot-autoconfigure\2.0.0.RELEASE\spring-boot-autoconfigure-2.0.0.RELEASE.jar;E:\Environment\repo\org\springframework\boot\spring-boot-starter-test\2.0.0.RELEASE\spring-boot-starter-test-2.0.0.RELEASE.jar;E:\Environment\repo\org\springframework\boot\spring-boot-test\2.0.0.RELEASE\spring-boot-test-2.0.0.RELEASE.jar;E:\Environment\repo\org\springframework\boot\spring-boot-test-autoconfigure\2.0.0.RELEASE\spring-boot-test-autoconfigure-2.0.0.RELEASE.jar;E:\Environment\repo\com\jayway\jsonpath\json-path\2.4.0\json-path-2.4.0.jar;E:\Environment\repo\net\minidev\json-smart\2.3\json-smart-2.3.jar;E:\Environment\repo\net\minidev\accessors-smart\1.2\accessors-smart-1.2.jar;E:\Environment\repo\org\ow2\asm\asm\5.0.4\asm-5.0.4.jar;E:\Environment\repo\junit\junit\4.12\junit-4.12.jar;E:\Environment\repo\org\assertj\assertj-core\3.9.1\assertj-core-3.9.1.jar;E:\Environment\repo\org\mockito\mockito-core\2.15.0\mockito-core-2.15.0.jar;E:\Environment\repo\net\bytebuddy\byte-buddy\1.7.10\byte-buddy-1.7.10.jar;E:\Environment\repo\net\bytebuddy\byte-buddy-agent\1.7.10\byte-buddy-agent-1.7.10.jar;E:\Environment\repo\org\objenesis\objenesis\2.6\objenesis-2.6.jar;E:\Environment\repo\org\hamcrest\hamcrest-core\1.3\hamcrest-core-1.3.jar;E:\Environment\repo\org\hamcrest\hamcrest-library\1.3\hamcrest-library-1.3.jar;E:\Environment\repo\org\skyscreamer\jsonassert\1.5.0\jsonassert-1.5.0.jar;E:\Environment\repo\com\vaadin\external\google\android-json\0.0.20131108.vaadin1\android-json-0.0.20131108.vaadin1.jar;E:\Environment\repo\org\springframework\spring-core\5.0.4.RELEASE\spring-core-5.0.4.RELEASE.jar;E:\Environment\repo\org\springframework\spring-jcl\5.0.4.RELEASE\spring-jcl-5.0.4.RELEASE.jar;E:\Environment\repo\org\springframework\spring-test\5.0.4.RELEASE\spring-test-5.0.4.RELEASE.jar;E:\Environment\repo\org\xmlunit\xmlunit-core\2.5.1\xmlunit-core-2.5.1.jar;E:\Environment\repo\org\webjars\bootstrap\3.3.6\bootstrap-3.3.6.jar;E:\Environment\repo\org\webjars\bootstrap-datepicker\1.0.1\bootstrap-datepicker-1.0.1.jar;E:\Environment\repo\org\webjars\jquery\1.9.1\jquery-1.9.1.jar;E:\Environment\repo\org\springframework\spring-aop\5.0.4.RELEASE\spring-aop-5.0.4.RELEASE.jar;E:\Environment\repo\org\springframework\spring-beans\5.0.4.RELEASE\spring-beans-5.0.4.RELEASE.jar;E:\Environment\repo\org\aspectj\aspectjweaver\1.8.13\aspectjweaver-1.8.13.jar;E:\Environment\repo\io\springfox\springfox-swagger2\2.4.0\springfox-swagger2-2.4.0.jar;E:\Environment\repo\io\swagger\swagger-annotations\1.5.6\swagger-annotations-1.5.6.jar;E:\Environment\repo\io\swagger\swagger-models\1.5.6\swagger-models-1.5.6.jar;E:\Environment\repo\io\springfox\springfox-spi\2.4.0\springfox-spi-2.4.0.jar;E:\Environment\repo\io\springfox\springfox-core\2.4.0\springfox-core-2.4.0.jar;E:\Environment\repo\io\springfox\springfox-schema\2.4.0\springfox-schema-2.4.0.jar;E:\Environment\repo\io\springfox\springfox-swagger-common\2.4.0\springfox-swagger-common-2.4.0.jar;E:\Environment\repo\io\springfox\springfox-spring-web\2.4.0\springfox-spring-web-2.4.0.jar;E:\Environment\repo\com\google\guava\guava\18.0\guava-18.0.jar;E:\Environment\repo\com\fasterxml\classmate\1.3.4\classmate-1.3.4.jar;E:\Environment\repo\org\springframework\plugin\spring-plugin-core\1.2.0.RELEASE\spring-plugin-core-1.2.0.RELEASE.jar;E:\Environment\repo\org\springframework\plugin\spring-plugin-metadata\1.2.0.RELEASE\spring-plugin-metadata-1.2.0.RELEASE.jar;E:\Environment\repo\io\springfox\springfox-swagger-ui\2.4.0\springfox-swagger-ui-2.4.0.jar;"/>
    <property name="java.vm.vendor" value="Oracle Corporation"/>
    <property name="sun.arch.data.model" value="64"/>
    <property name="user.variant" value=""/>
    <property name="java.vendor.url" value="http://java.oracle.com/"/>
    <property name="user.timezone" value=""/>
    <property name="java.vm.specification.version" value="1.8"/>
    <property name="os.name" value="Windows 10"/>
    <property name="user.country" value="SG"/>
    <property name="sun.java.launcher" value="SUN_STANDARD"/>
    <property name="sun.boot.library.path" value="E:\Environment\jdk1.8.0_111\jre\bin"/>
    <property name="sun.java.command" value="C:\Users\Abhishek\AppData\Local\Temp\surefire1709881671297174534\surefirebooter5846349697752236732.jar C:\Users\Abhishek\AppData\Local\Temp\surefire1709881671297174534 2019-03-30T18-48-30_859-jvmRun1 surefire7763906494951907147tmp surefire_01764232815802450842tmp"/>
    <property name="surefire.test.class.path" value="E:\Environment\EclipseWorkspace\phonedirectory\target\test-classes;E:\Environment\EclipseWorkspace\phonedirectory\target\classes;E:\Environment\repo\org\springframework\boot\spring-boot-starter-actuator\2.0.0.RELEASE\spring-boot-starter-actuator-2.0.0.RELEASE.jar;E:\Environment\repo\org\springframework\boot\spring-boot-starter\2.0.0.RELEASE\spring-boot-starter-2.0.0.RELEASE.jar;E:\Environment\repo\org\springframework\boot\spring-boot-starter-logging\2.0.0.RELEASE\spring-boot-starter-logging-2.0.0.RELEASE.jar;E:\Environment\repo\ch\qos\logback\logback-classic\1.2.3\logback-classic-1.2.3.jar;E:\Environment\repo\ch\qos\logback\logback-core\1.2.3\logback-core-1.2.3.jar;E:\Environment\repo\org\apache\logging\log4j\log4j-to-slf4j\2.10.0\log4j-to-slf4j-2.10.0.jar;E:\Environment\repo\org\apache\logging\log4j\log4j-api\2.10.0\log4j-api-2.10.0.jar;E:\Environment\repo\org\slf4j\jul-to-slf4j\1.7.25\jul-to-slf4j-1.7.25.jar;E:\Environment\repo\javax\annotation\javax.annotation-api\1.3.2\javax.annotation-api-1.3.2.jar;E:\Environment\repo\org\yaml\snakeyaml\1.19\snakeyaml-1.19.jar;E:\Environment\repo\org\springframework\boot\spring-boot-actuator-autoconfigure\2.0.0.RELEASE\spring-boot-actuator-autoconfigure-2.0.0.RELEASE.jar;E:\Environment\repo\org\springframework\boot\spring-boot-actuator\2.0.0.RELEASE\spring-boot-actuator-2.0.0.RELEASE.jar;E:\Environment\repo\org\springframework\spring-context\5.0.4.RELEASE\spring-context-5.0.4.RELEASE.jar;E:\Environment\repo\com\fasterxml\jackson\datatype\jackson-datatype-jsr310\2.9.4\jackson-datatype-jsr310-2.9.4.jar;E:\Environment\repo\io\micrometer\micrometer-core\1.0.1\micrometer-core-1.0.1.jar;E:\Environment\repo\org\hdrhistogram\HdrHistogram\2.1.10\HdrHistogram-2.1.10.jar;E:\Environment\repo\org\latencyutils\LatencyUtils\2.0.3\LatencyUtils-2.0.3.jar;E:\Environment\repo\org\springframework\boot\spring-boot-starter-web\2.0.0.RELEASE\spring-boot-starter-web-2.0.0.RELEASE.jar;E:\Environment\repo\org\springframework\boot\spring-boot-starter-json\2.0.0.RELEASE\spring-boot-starter-json-2.0.0.RELEASE.jar;E:\Environment\repo\com\fasterxml\jackson\datatype\jackson-datatype-jdk8\2.9.4\jackson-datatype-jdk8-2.9.4.jar;E:\Environment\repo\com\fasterxml\jackson\module\jackson-module-parameter-names\2.9.4\jackson-module-parameter-names-2.9.4.jar;E:\Environment\repo\org\springframework\boot\spring-boot-starter-tomcat\2.0.0.RELEASE\spring-boot-starter-tomcat-2.0.0.RELEASE.jar;E:\Environment\repo\org\apache\tomcat\embed\tomcat-embed-websocket\8.5.28\tomcat-embed-websocket-8.5.28.jar;E:\Environment\repo\org\hibernate\validator\hibernate-validator\6.0.7.Final\hibernate-validator-6.0.7.Final.jar;E:\Environment\repo\javax\validation\validation-api\2.0.1.Final\validation-api-2.0.1.Final.jar;E:\Environment\repo\org\jboss\logging\jboss-logging\3.3.2.Final\jboss-logging-3.3.2.Final.jar;E:\Environment\repo\org\springframework\spring-web\5.0.4.RELEASE\spring-web-5.0.4.RELEASE.jar;E:\Environment\repo\org\springframework\spring-webmvc\5.0.4.RELEASE\spring-webmvc-5.0.4.RELEASE.jar;E:\Environment\repo\org\springframework\spring-expression\5.0.4.RELEASE\spring-expression-5.0.4.RELEASE.jar;E:\Environment\repo\org\apache\tomcat\embed\tomcat-embed-jasper\8.5.28\tomcat-embed-jasper-8.5.28.jar;E:\Environment\repo\org\apache\tomcat\embed\tomcat-embed-core\8.5.28\tomcat-embed-core-8.5.28.jar;E:\Environment\repo\org\apache\tomcat\tomcat-annotations-api\8.5.28\tomcat-annotations-api-8.5.28.jar;E:\Environment\repo\org\apache\tomcat\embed\tomcat-embed-el\8.5.28\tomcat-embed-el-8.5.28.jar;E:\Environment\repo\org\eclipse\jdt\ecj\3.12.3\ecj-3.12.3.jar;E:\Environment\repo\org\springframework\boot\spring-boot-starter-security\2.0.0.RELEASE\spring-boot-starter-security-2.0.0.RELEASE.jar;E:\Environment\repo\org\springframework\security\spring-security-config\5.0.3.RELEASE\spring-security-config-5.0.3.RELEASE.jar;E:\Environment\repo\org\springframework\security\spring-security-core\5.0.3.RELEASE\spring-security-core-5.0.3.RELEASE.jar;E:\Environment\repo\org\springframework\security\spring-security-web\5.0.3.RELEASE\spring-security-web-5.0.3.RELEASE.jar;E:\Environment\repo\org\springframework\boot\spring-boot-starter-data-jpa\2.0.0.RELEASE\spring-boot-starter-data-jpa-2.0.0.RELEASE.jar;E:\Environment\repo\org\springframework\boot\spring-boot-starter-aop\2.0.0.RELEASE\spring-boot-starter-aop-2.0.0.RELEASE.jar;E:\Environment\repo\org\springframework\boot\spring-boot-starter-jdbc\2.0.0.RELEASE\spring-boot-starter-jdbc-2.0.0.RELEASE.jar;E:\Environment\repo\com\zaxxer\HikariCP\2.7.8\HikariCP-2.7.8.jar;E:\Environment\repo\org\springframework\spring-jdbc\5.0.4.RELEASE\spring-jdbc-5.0.4.RELEASE.jar;E:\Environment\repo\org\hibernate\hibernate-core\5.2.14.Final\hibernate-core-5.2.14.Final.jar;E:\Environment\repo\org\hibernate\javax\persistence\hibernate-jpa-2.1-api\1.0.0.Final\hibernate-jpa-2.1-api-1.0.0.Final.jar;E:\Environment\repo\org\javassist\javassist\3.22.0-GA\javassist-3.22.0-GA.jar;E:\Environment\repo\antlr\antlr\2.7.7\antlr-2.7.7.jar;E:\Environment\repo\org\jboss\jandex\2.0.3.Final\jandex-2.0.3.Final.jar;E:\Environment\repo\dom4j\dom4j\1.6.1\dom4j-1.6.1.jar;E:\Environment\repo\org\hibernate\common\hibernate-commons-annotations\5.0.1.Final\hibernate-commons-annotations-5.0.1.Final.jar;E:\Environment\repo\javax\transaction\javax.transaction-api\1.2\javax.transaction-api-1.2.jar;E:\Environment\repo\org\springframework\data\spring-data-jpa\2.0.5.RELEASE\spring-data-jpa-2.0.5.RELEASE.jar;E:\Environment\repo\org\springframework\data\spring-data-commons\2.0.5.RELEASE\spring-data-commons-2.0.5.RELEASE.jar;E:\Environment\repo\org\springframework\spring-orm\5.0.4.RELEASE\spring-orm-5.0.4.RELEASE.jar;E:\Environment\repo\org\springframework\spring-tx\5.0.4.RELEASE\spring-tx-5.0.4.RELEASE.jar;E:\Environment\repo\org\springframework\spring-aspects\5.0.4.RELEASE\spring-aspects-5.0.4.RELEASE.jar;E:\Environment\repo\org\springframework\boot\spring-boot-starter-data-rest\2.0.0.RELEASE\spring-boot-starter-data-rest-2.0.0.RELEASE.jar;E:\Environment\repo\org\springframework\data\spring-data-rest-webmvc\3.0.5.RELEASE\spring-data-rest-webmvc-3.0.5.RELEASE.jar;E:\Environment\repo\org\springframework\data\spring-data-rest-core\3.0.5.RELEASE\spring-data-rest-core-3.0.5.RELEASE.jar;E:\Environment\repo\org\springframework\hateoas\spring-hateoas\0.24.0.RELEASE\spring-hateoas-0.24.0.RELEASE.jar;E:\Environment\repo\org\atteo\evo-inflector\1.2.2\evo-inflector-1.2.2.jar;E:\Environment\repo\com\h2database\h2\1.4.196\h2-1.4.196.jar;E:\Environment\repo\com\fasterxml\jackson\dataformat\jackson-dataformat-xml\2.9.4\jackson-dataformat-xml-2.9.4.jar;E:\Environment\repo\com\fasterxml\jackson\core\jackson-core\2.9.4\jackson-core-2.9.4.jar;E:\Environment\repo\com\fasterxml\jackson\core\jackson-annotations\2.9.0\jackson-annotations-2.9.0.jar;E:\Environment\repo\com\fasterxml\jackson\core\jackson-databind\2.9.4\jackson-databind-2.9.4.jar;E:\Environment\repo\com\fasterxml\jackson\module\jackson-module-jaxb-annotations\2.9.4\jackson-module-jaxb-annotations-2.9.4.jar;E:\Environment\repo\org\codehaus\woodstox\stax2-api\3.1.4\stax2-api-3.1.4.jar;E:\Environment\repo\com\fasterxml\woodstox\woodstox-core\5.0.3\woodstox-core-5.0.3.jar;E:\Environment\repo\org\springframework\data\spring-data-rest-hal-browser\3.0.5.RELEASE\spring-data-rest-hal-browser-3.0.5.RELEASE.jar;E:\Environment\repo\org\slf4j\slf4j-api\1.7.25\slf4j-api-1.7.25.jar;E:\Environment\repo\org\springframework\boot\spring-boot-devtools\2.0.0.RELEASE\spring-boot-devtools-2.0.0.RELEASE.jar;E:\Environment\repo\org\springframework\boot\spring-boot\2.0.0.RELEASE\spring-boot-2.0.0.RELEASE.jar;E:\Environment\repo\org\springframework\boot\spring-boot-autoconfigure\2.0.0.RELEASE\spring-boot-autoconfigure-2.0.0.RELEASE.jar;E:\Environment\repo\org\springframework\boot\spring-boot-starter-test\2.0.0.RELEASE\spring-boot-starter-test-2.0.0.RELEASE.jar;E:\Environment\repo\org\springframework\boot\spring-boot-test\2.0.0.RELEASE\spring-boot-test-2.0.0.RELEASE.jar;E:\Environment\repo\org\springframework\boot\spring-boot-test-autoconfigure\2.0.0.RELEASE\spring-boot-test-autoconfigure-2.0.0.RELEASE.jar;E:\Environment\repo\com\jayway\jsonpath\json-path\2.4.0\json-path-2.4.0.jar;E:\Environment\repo\net\minidev\json-smart\2.3\json-smart-2.3.jar;E:\Environment\repo\net\minidev\accessors-smart\1.2\accessors-smart-1.2.jar;E:\Environment\repo\org\ow2\asm\asm\5.0.4\asm-5.0.4.jar;E:\Environment\repo\junit\junit\4.12\junit-4.12.jar;E:\Environment\repo\org\assertj\assertj-core\3.9.1\assertj-core-3.9.1.jar;E:\Environment\repo\org\mockito\mockito-core\2.15.0\mockito-core-2.15.0.jar;E:\Environment\repo\net\bytebuddy\byte-buddy\1.7.10\byte-buddy-1.7.10.jar;E:\Environment\repo\net\bytebuddy\byte-buddy-agent\1.7.10\byte-buddy-agent-1.7.10.jar;E:\Environment\repo\org\objenesis\objenesis\2.6\objenesis-2.6.jar;E:\Environment\repo\org\hamcrest\hamcrest-core\1.3\hamcrest-core-1.3.jar;E:\Environment\repo\org\hamcrest\hamcrest-library\1.3\hamcrest-library-1.3.jar;E:\Environment\repo\org\skyscreamer\jsonassert\1.5.0\jsonassert-1.5.0.jar;E:\Environment\repo\com\vaadin\external\google\android-json\0.0.20131108.vaadin1\android-json-0.0.20131108.vaadin1.jar;E:\Environment\repo\org\springframework\spring-core\5.0.4.RELEASE\spring-core-5.0.4.RELEASE.jar;E:\Environment\repo\org\springframework\spring-jcl\5.0.4.RELEASE\spring-jcl-5.0.4.RELEASE.jar;E:\Environment\repo\org\springframework\spring-test\5.0.4.RELEASE\spring-test-5.0.4.RELEASE.jar;E:\Environment\repo\org\xmlunit\xmlunit-core\2.5.1\xmlunit-core-2.5.1.jar;E:\Environment\repo\org\webjars\bootstrap\3.3.6\bootstrap-3.3.6.jar;E:\Environment\repo\org\webjars\bootstrap-datepicker\1.0.1\bootstrap-datepicker-1.0.1.jar;E:\Environment\repo\org\webjars\jquery\1.9.1\jquery-1.9.1.jar;E:\Environment\repo\org\springframework\spring-aop\5.0.4.RELEASE\spring-aop-5.0.4.RELEASE.jar;E:\Environment\repo\org\springframework\spring-beans\5.0.4.RELEASE\spring-beans-5.0.4.RELEASE.jar;E:\Environment\repo\org\aspectj\aspectjweaver\1.8.13\aspectjweaver-1.8.13.jar;E:\Environment\repo\io\springfox\springfox-swagger2\2.4.0\springfox-swagger2-2.4.0.jar;E:\Environment\repo\io\swagger\swagger-annotations\1.5.6\swagger-annotations-1.5.6.jar;E:\Environment\repo\io\swagger\swagger-models\1.5.6\swagger-models-1.5.6.jar;E:\Environment\repo\io\springfox\springfox-spi\2.4.0\springfox-spi-2.4.0.jar;E:\Environment\repo\io\springfox\springfox-core\2.4.0\springfox-core-2.4.0.jar;E:\Environment\repo\io\springfox\springfox-schema\2.4.0\springfox-schema-2.4.0.jar;E:\Environment\repo\io\springfox\springfox-swagger-common\2.4.0\springfox-swagger-common-2.4.0.jar;E:\Environment\repo\io\springfox\springfox-spring-web\2.4.0\springfox-spring-web-2.4.0.jar;E:\Environment\repo\com\google\guava\guava\18.0\guava-18.0.jar;E:\Environment\repo\com\fasterxml\classmate\1.3.4\classmate-1.3.4.jar;E:\Environment\repo\org\springframework\plugin\spring-plugin-core\1.2.0.RELEASE\spring-plugin-core-1.2.0.RELEASE.jar;E:\Environment\repo\org\springframework\plugin\spring-plugin-metadata\1.2.0.RELEASE\spring-plugin-metadata-1.2.0.RELEASE.jar;E:\Environment\repo\io\springfox\springfox-swagger-ui\2.4.0\springfox-swagger-ui-2.4.0.jar;"/>
    <property name="sun.cpu.endian" value="little"/>
    <property name="user.home" value="C:\Users\Abhishek"/>
    <property name="user.language" value="en"/>
    <property name="java.specification.vendor" value="Oracle Corporation"/>
    <property name="java.home" value="E:\Environment\jdk1.8.0_111\jre"/>
    <property name="basedir" value="E:\Environment\EclipseWorkspace\phonedirectory"/>
    <property name="file.separator" value="\"/>
    <property name="line.separator" value="&#10;"/>
    <property name="java.vm.specification.vendor" value="Oracle Corporation"/>
    <property name="java.specification.name" value="Java Platform API Specification"/>
    <property name="java.awt.graphicsenv" value="sun.awt.Win32GraphicsEnvironment"/>
    <property name="surefire.real.class.path" value="C:\Users\Abhishek\AppData\Local\Temp\surefire1709881671297174534\surefirebooter5846349697752236732.jar;E:\\Environment\\repo\\org\\jacoco\\org.jacoco.agent\\0.8.2\\org.jacoco.agent-0.8.2-runtime.jar"/>
    <property name="sun.boot.class.path" value="E:\Environment\jdk1.8.0_111\jre\lib\resources.jar;E:\Environment\jdk1.8.0_111\jre\lib\rt.jar;E:\Environment\jdk1.8.0_111\jre\lib\sunrsasign.jar;E:\Environment\jdk1.8.0_111\jre\lib\jsse.jar;E:\Environment\jdk1.8.0_111\jre\lib\jce.jar;E:\Environment\jdk1.8.0_111\jre\lib\charsets.jar;E:\Environment\jdk1.8.0_111\jre\lib\jfr.jar;E:\Environment\jdk1.8.0_111\jre\classes"/>
    <property name="user.script" value=""/>
    <property name="sun.management.compiler" value="HotSpot 64-Bit Tiered Compilers"/>
    <property name="java.runtime.version" value="1.8.0_111-b14"/>
    <property name="user.name" value="Abhishek"/>
    <property name="path.separator" value=";"/>
    <property name="os.version" value="10.0"/>
    <property name="java.endorsed.dirs" value="E:\Environment\jdk1.8.0_111\jre\lib\endorsed"/>
    <property name="java.runtime.name" value="Java(TM) SE Runtime Environment"/>
    <property name="file.encoding" value="Cp1252"/>
    <property name="java.vm.name" value="Java HotSpot(TM) 64-Bit Server VM"/>
    <property name="localRepository" value="E:\Environment\repo"/>
    <property name="java.vendor.url.bug" value="http://bugreport.sun.com/bugreport/"/>
    <property name="java.io.tmpdir" value="C:\Users\Abhishek\AppData\Local\Temp\"/>
    <property name="java.version" value="1.8.0_111"/>
    <property name="user.dir" value="E:\Environment\EclipseWorkspace\phonedirectory"/>
    <property name="os.arch" value="amd64"/>
    <property name="java.vm.specification.name" value="Java Virtual Machine Specification"/>
    <property name="java.awt.printerjob" value="sun.awt.windows.WPrinterJob"/>
    <property name="sun.os.patch.level" value=""/>
    <property name="java.library.path" value="E:\Environment\jdk1.8.0_111\jre\bin;C:\WINDOWS\Sun\Java\bin;C:\WINDOWS\system32;C:\WINDOWS;C:\Program Files (x86)\Intel\iCLS Client\;C:\ProgramData\Oracle\Java\javapath;C:\Program Files\Intel\iCLS Client\;C:\WINDOWS\system32;C:\WINDOWS;C:\WINDOWS\System32\Wbem;C:\WINDOWS\System32\WindowsPowerShell\v1.0\;C:\Program Files (x86)\Intel\Intel(R) Management Engine Components\DAL;C:\Program Files\Intel\Intel(R) Management Engine Components\DAL;C:\Program Files (x86)\Intel\Intel(R) Management Engine Components\IPT;C:\Program Files\Intel\Intel(R) Management Engine Components\IPT;C:\Program Files\Git\cmd;C:\Program Files\Intel\IntelSGXPSW\bin\x64\Release\;C:\Program Files\Intel\IntelSGXPSW\bin\win32\Release\;C:\Program Files\TortoiseSVN\bin;C:\Program Files\Microsoft SQL Server\Client SDK\ODBC\130\Tools\Binn\;C:\Program Files (x86)\Microsoft SQL Server\130\Tools\Binn\;C:\Program Files\Microsoft SQL Server\130\Tools\Binn\;C:\Program Files\Microsoft SQL Server\130\DTS\Binn\;C:\WINDOWS\System32\OpenSSH\;C:\Program Files\Intel\WiFi\bin\;C:\Program Files\Common Files\Intel\WirelessCommon\;C:\Program Files\nodejs\;C:\Program Files\Amazon\AWSCLI\bin\;C:\Program Files\PuTTY\;C:\Users\Abhishek\AppData\Local\Microsoft\WindowsApps;E:\Environment\jdk1.8.0_111\bin;C:\Users\Abhishek\AppData\Roaming\npm;E:\Environment\apache-tomcat-8.0.39\bin;E:\Environment\apache-maven-3.3.9\apache-maven-3.3.9\bin;;."/>
    <property name="java.vm.info" value="mixed mode"/>
    <property name="java.vendor" value="Oracle Corporation"/>
    <property name="java.vm.version" value="25.111-b14"/>
    <property name="java.ext.dirs" value="E:\Environment\jdk1.8.0_111\jre\lib\ext;C:\WINDOWS\Sun\Java\lib\ext"/>
    <property name="sun.io.unicode.encoding" value="UnicodeLittle"/>
    <property name="java.class.version" value="52.0"/>
  </properties>
  <testcase name="contextLoads" classname="com.org.pd.PDServicesApplicationTests" time="0.067"/>
</testsuite>